#-----------------------------------------------------------
# Vivado v2018.3 (64-bit)
# SW Build 2405991 on Thu Dec  6 23:36:41 MST 2018
# IP Build 2404404 on Fri Dec  7 01:43:56 MST 2018
# Start of session at: Tue Oct 29 19:48:29 2019
# Process ID: 5247
# Current directory: /home/gsaied/Desktop/verilog_rtl/pool
# Command line: vivado -mode tcl -source synth.tcl
# Log file: /home/gsaied/Desktop/verilog_rtl/pool/vivado.log
# Journal file: /home/gsaied/Desktop/verilog_rtl/pool/vivado.jou
#-----------------------------------------------------------
source synth.tcl
# set dirt /home/gsaied/Desktop/verilog_rtl/pool
# cd /
# read_verilog [ glob ./home/gsaied/Desktop/verilog_rtl/pool/*.v ] 
# synth_design -top pool -part xc7vx690t
Command: synth_design -top pool -part xc7vx690t
Starting synth_design
Attempting to get a license for feature 'Synthesis' and/or device 'xc7vx690t'
INFO: [Common 17-349] Got license for feature 'Synthesis' and/or device 'xc7vx690t'
INFO: Launching helper process for spawning children vivado processes
INFO: Helper process launched with PID 5254 
---------------------------------------------------------------------------------
Starting Synthesize : Time (s): cpu = 00:00:02 ; elapsed = 00:00:02 . Memory (MB): peak = 1425.000 ; gain = 28.000 ; free physical = 4526 ; free virtual = 8555
---------------------------------------------------------------------------------
INFO: [Synth 8-6157] synthesizing module 'pool' [/home/gsaied/Desktop/verilog_rtl/pool/pool.v:7]
INFO: [Synth 8-6155] done synthesizing module 'pool' (1#1) [/home/gsaied/Desktop/verilog_rtl/pool/pool.v:7]
WARNING: [Synth 8-3331] design pool has unconnected port pool_en
WARNING: [Synth 8-3331] design pool has unconnected port in63[15]
WARNING: [Synth 8-3331] design pool has unconnected port in63[14]
WARNING: [Synth 8-3331] design pool has unconnected port in63[13]
WARNING: [Synth 8-3331] design pool has unconnected port in63[12]
WARNING: [Synth 8-3331] design pool has unconnected port in63[11]
WARNING: [Synth 8-3331] design pool has unconnected port in63[10]
WARNING: [Synth 8-3331] design pool has unconnected port in63[9]
WARNING: [Synth 8-3331] design pool has unconnected port in63[8]
WARNING: [Synth 8-3331] design pool has unconnected port in63[7]
WARNING: [Synth 8-3331] design pool has unconnected port in63[6]
WARNING: [Synth 8-3331] design pool has unconnected port in63[5]
WARNING: [Synth 8-3331] design pool has unconnected port in63[4]
WARNING: [Synth 8-3331] design pool has unconnected port in63[3]
WARNING: [Synth 8-3331] design pool has unconnected port in63[2]
WARNING: [Synth 8-3331] design pool has unconnected port in63[1]
WARNING: [Synth 8-3331] design pool has unconnected port in63[0]
---------------------------------------------------------------------------------
Finished Synthesize : Time (s): cpu = 00:00:03 ; elapsed = 00:00:03 . Memory (MB): peak = 1470.750 ; gain = 73.750 ; free physical = 4538 ; free virtual = 8567
---------------------------------------------------------------------------------
---------------------------------------------------------------------------------
Finished Constraint Validation : Time (s): cpu = 00:00:03 ; elapsed = 00:00:03 . Memory (MB): peak = 1470.750 ; gain = 73.750 ; free physical = 4537 ; free virtual = 8567
---------------------------------------------------------------------------------
---------------------------------------------------------------------------------
Start Loading Part and Timing Information
---------------------------------------------------------------------------------
Loading part: xc7vx690tffg1157-3
INFO: [Device 21-403] Loading part xc7vx690tffg1157-3
---------------------------------------------------------------------------------
Finished Loading Part and Timing Information : Time (s): cpu = 00:00:03 ; elapsed = 00:00:03 . Memory (MB): peak = 1478.754 ; gain = 81.754 ; free physical = 4536 ; free virtual = 8566
---------------------------------------------------------------------------------
---------------------------------------------------------------------------------
Finished RTL Optimization Phase 2 : Time (s): cpu = 00:00:03 ; elapsed = 00:00:04 . Memory (MB): peak = 1486.762 ; gain = 89.762 ; free physical = 4524 ; free virtual = 8553
---------------------------------------------------------------------------------

Report RTL Partitions: 
+-+--------------+------------+----------+
| |RTL Partition |Replication |Instances |
+-+--------------+------------+----------+
+-+--------------+------------+----------+
No constraint files found.
---------------------------------------------------------------------------------
Start RTL Component Statistics 
---------------------------------------------------------------------------------
Detailed RTL Component Info : 
+---Adders : 
	 124 Input     16 Bit       Adders := 1     
---------------------------------------------------------------------------------
Finished RTL Component Statistics 
---------------------------------------------------------------------------------
---------------------------------------------------------------------------------
Start RTL Hierarchical Component Statistics 
---------------------------------------------------------------------------------
Hierarchical RTL Component report 
Module pool 
Detailed RTL Component Info : 
+---Adders : 
	 124 Input     16 Bit       Adders := 1     
---------------------------------------------------------------------------------
Finished RTL Hierarchical Component Statistics
---------------------------------------------------------------------------------
---------------------------------------------------------------------------------
Start Part Resource Summary
---------------------------------------------------------------------------------
Part Resources:
DSPs: 3600 (col length:200)
BRAMs: 2940 (col length: RAMB18 200 RAMB36 100)
---------------------------------------------------------------------------------
Finished Part Resource Summary
---------------------------------------------------------------------------------
No constraint files found.
---------------------------------------------------------------------------------
Start Cross Boundary and Area Optimization
---------------------------------------------------------------------------------
Warning: Parallel synthesis criteria is not met 
WARNING: [Synth 8-3917] design pool has port pool_out[15] driven by constant 0
WARNING: [Synth 8-3917] design pool has port pool_out[14] driven by constant 0
WARNING: [Synth 8-3917] design pool has port pool_out[13] driven by constant 0
WARNING: [Synth 8-3917] design pool has port pool_out[12] driven by constant 0
WARNING: [Synth 8-3917] design pool has port pool_out[11] driven by constant 0
WARNING: [Synth 8-3917] design pool has port pool_out[10] driven by constant 0
WARNING: [Synth 8-3331] design pool has unconnected port pool_en
WARNING: [Synth 8-3331] design pool has unconnected port in63[15]
WARNING: [Synth 8-3331] design pool has unconnected port in63[14]
WARNING: [Synth 8-3331] design pool has unconnected port in63[13]
WARNING: [Synth 8-3331] design pool has unconnected port in63[12]
WARNING: [Synth 8-3331] design pool has unconnected port in63[11]
WARNING: [Synth 8-3331] design pool has unconnected port in63[10]
WARNING: [Synth 8-3331] design pool has unconnected port in63[9]
WARNING: [Synth 8-3331] design pool has unconnected port in63[8]
WARNING: [Synth 8-3331] design pool has unconnected port in63[7]
WARNING: [Synth 8-3331] design pool has unconnected port in63[6]
WARNING: [Synth 8-3331] design pool has unconnected port in63[5]
WARNING: [Synth 8-3331] design pool has unconnected port in63[4]
WARNING: [Synth 8-3331] design pool has unconnected port in63[3]
WARNING: [Synth 8-3331] design pool has unconnected port in63[2]
WARNING: [Synth 8-3331] design pool has unconnected port in63[1]
WARNING: [Synth 8-3331] design pool has unconnected port in63[0]
---------------------------------------------------------------------------------
Finished Cross Boundary and Area Optimization : Time (s): cpu = 00:00:17 ; elapsed = 00:00:19 . Memory (MB): peak = 1898.676 ; gain = 501.676 ; free physical = 4186 ; free virtual = 8209
---------------------------------------------------------------------------------

Report RTL Partitions: 
+-+--------------+------------+----------+
| |RTL Partition |Replication |Instances |
+-+--------------+------------+----------+
+-+--------------+------------+----------+
No constraint files found.
---------------------------------------------------------------------------------
Start Timing Optimization
---------------------------------------------------------------------------------
---------------------------------------------------------------------------------
Finished Timing Optimization : Time (s): cpu = 00:00:17 ; elapsed = 00:00:19 . Memory (MB): peak = 1898.676 ; gain = 501.676 ; free physical = 4178 ; free virtual = 8209
---------------------------------------------------------------------------------

Report RTL Partitions: 
+-+--------------+------------+----------+
| |RTL Partition |Replication |Instances |
+-+--------------+------------+----------+
+-+--------------+------------+----------+
---------------------------------------------------------------------------------
Start Technology Mapping
---------------------------------------------------------------------------------
---------------------------------------------------------------------------------
Finished Technology Mapping : Time (s): cpu = 00:00:18 ; elapsed = 00:00:20 . Memory (MB): peak = 1898.676 ; gain = 501.676 ; free physical = 4180 ; free virtual = 8211
---------------------------------------------------------------------------------

Report RTL Partitions: 
+-+--------------+------------+----------+
| |RTL Partition |Replication |Instances |
+-+--------------+------------+----------+
+-+--------------+------------+----------+
---------------------------------------------------------------------------------
Start IO Insertion
---------------------------------------------------------------------------------
---------------------------------------------------------------------------------
Start Flattening Before IO Insertion
---------------------------------------------------------------------------------
---------------------------------------------------------------------------------
Finished Flattening Before IO Insertion
---------------------------------------------------------------------------------
---------------------------------------------------------------------------------
Start Final Netlist Cleanup
---------------------------------------------------------------------------------
---------------------------------------------------------------------------------
Finished Final Netlist Cleanup
---------------------------------------------------------------------------------
---------------------------------------------------------------------------------
Finished IO Insertion : Time (s): cpu = 00:00:19 ; elapsed = 00:00:21 . Memory (MB): peak = 1898.676 ; gain = 501.676 ; free physical = 4181 ; free virtual = 8211
---------------------------------------------------------------------------------

Report Check Netlist: 
+------+------------------+-------+---------+-------+------------------+
|      |Item              |Errors |Warnings |Status |Description       |
+------+------------------+-------+---------+-------+------------------+
|1     |multi_driven_nets |      0|        0|Passed |Multi driven nets |
+------+------------------+-------+---------+-------+------------------+
---------------------------------------------------------------------------------
Start Renaming Generated Instances
---------------------------------------------------------------------------------
---------------------------------------------------------------------------------
Finished Renaming Generated Instances : Time (s): cpu = 00:00:19 ; elapsed = 00:00:21 . Memory (MB): peak = 1898.676 ; gain = 501.676 ; free physical = 4180 ; free virtual = 8211
---------------------------------------------------------------------------------

Report RTL Partitions: 
+-+--------------+------------+----------+
| |RTL Partition |Replication |Instances |
+-+--------------+------------+----------+
+-+--------------+------------+----------+
---------------------------------------------------------------------------------
Start Rebuilding User Hierarchy
---------------------------------------------------------------------------------
---------------------------------------------------------------------------------
Finished Rebuilding User Hierarchy : Time (s): cpu = 00:00:19 ; elapsed = 00:00:21 . Memory (MB): peak = 1898.676 ; gain = 501.676 ; free physical = 4180 ; free virtual = 8211
---------------------------------------------------------------------------------
---------------------------------------------------------------------------------
Start Renaming Generated Ports
---------------------------------------------------------------------------------
---------------------------------------------------------------------------------
Finished Renaming Generated Ports : Time (s): cpu = 00:00:19 ; elapsed = 00:00:21 . Memory (MB): peak = 1898.676 ; gain = 501.676 ; free physical = 4180 ; free virtual = 8211
---------------------------------------------------------------------------------
---------------------------------------------------------------------------------
Start Handling Custom Attributes
---------------------------------------------------------------------------------
---------------------------------------------------------------------------------
Finished Handling Custom Attributes : Time (s): cpu = 00:00:19 ; elapsed = 00:00:21 . Memory (MB): peak = 1898.676 ; gain = 501.676 ; free physical = 4180 ; free virtual = 8211
---------------------------------------------------------------------------------
---------------------------------------------------------------------------------
Start Renaming Generated Nets
---------------------------------------------------------------------------------
---------------------------------------------------------------------------------
Finished Renaming Generated Nets : Time (s): cpu = 00:00:19 ; elapsed = 00:00:21 . Memory (MB): peak = 1898.676 ; gain = 501.676 ; free physical = 4180 ; free virtual = 8211
---------------------------------------------------------------------------------
---------------------------------------------------------------------------------
Start Writing Synthesis Report
---------------------------------------------------------------------------------

Report BlackBoxes: 
+-+--------------+----------+
| |BlackBox name |Instances |
+-+--------------+----------+
+-+--------------+----------+

Report Cell Usage: 
+------+-------+------+
|      |Cell   |Count |
+------+-------+------+
|1     |CARRY4 |   244|
|2     |LUT2   |    15|
|3     |LUT3   |   899|
|4     |LUT4   |   830|
|5     |LUT5   |    13|
|6     |LUT6   |    73|
|7     |IBUF   |  1007|
|8     |OBUF   |    16|
+------+-------+------+

Report Instance Areas: 
+------+---------+-------+------+
|      |Instance |Module |Cells |
+------+---------+-------+------+
|1     |top      |       |  3097|
+------+---------+-------+------+
---------------------------------------------------------------------------------
Finished Writing Synthesis Report : Time (s): cpu = 00:00:19 ; elapsed = 00:00:21 . Memory (MB): peak = 1898.676 ; gain = 501.676 ; free physical = 4180 ; free virtual = 8211
---------------------------------------------------------------------------------
Synthesis finished with 0 errors, 0 critical warnings and 40 warnings.
Synthesis Optimization Runtime : Time (s): cpu = 00:00:19 ; elapsed = 00:00:21 . Memory (MB): peak = 1898.676 ; gain = 501.676 ; free physical = 4181 ; free virtual = 8212
Synthesis Optimization Complete : Time (s): cpu = 00:00:19 ; elapsed = 00:00:21 . Memory (MB): peak = 1898.684 ; gain = 501.676 ; free physical = 4188 ; free virtual = 8219
INFO: [Project 1-571] Translating synthesized netlist
INFO: [Netlist 29-17] Analyzing 244 Unisim elements for replacement
INFO: [Netlist 29-28] Unisim Transformation completed in 0 CPU seconds
WARNING: [Netlist 29-101] Netlist 'pool' is not ideal for floorplanning, since the cellview 'pool' contains a large number of primitives.  Please consider enabling hierarchy in synthesis if you want to do floorplanning.
INFO: [Project 1-570] Preparing netlist for logic optimization
INFO: [Opt 31-138] Pushed 0 inverter(s) to 0 load pin(s).
Netlist sorting complete. Time (s): cpu = 00:00:00 ; elapsed = 00:00:00 . Memory (MB): peak = 1922.688 ; gain = 0.000 ; free physical = 4095 ; free virtual = 8118
INFO: [Project 1-111] Unisim Transformation Summary:
No Unisim elements were transformed.

INFO: [Common 17-83] Releasing license: Synthesis
11 Infos, 41 Warnings, 0 Critical Warnings and 0 Errors encountered.
synth_design completed successfully
synth_design: Time (s): cpu = 00:00:24 ; elapsed = 00:00:26 . Memory (MB): peak = 1922.688 ; gain = 533.691 ; free physical = 4143 ; free virtual = 8174
# report_utilization -file $dirt/utiliziation.rpt
# report_timing_summary -file $dirt/timing.rpt
INFO: [Timing 38-35] Done setting XDC timing constraints.
INFO: [Timing 38-91] UpdateTimingParams: Speed grade: -3, Delay Type: min_max.
INFO: [Timing 38-191] Multithreading enabled for timing update using a maximum of 4 CPUs
report_timing_summary: Time (s): cpu = 00:00:14 ; elapsed = 00:00:14 . Memory (MB): peak = 2560.730 ; gain = 638.043 ; free physical = 3562 ; free virtual = 7593
# report_design_analysis -file $dirt/design.rpt
exit
INFO: [Common 17-206] Exiting Vivado at Tue Oct 29 19:49:25 2019...
