#-----------------------------------------------------------
# Vivado v2018.3 (64-bit)
# SW Build 2405991 on Thu Dec  6 23:36:41 MST 2018
# IP Build 2404404 on Fri Dec  7 01:43:56 MST 2018
# Start of session at: Sun Dec  8 12:49:21 2019
# Process ID: 22258
# Current directory: /home/gsaied/Desktop/verilog_rtl/fire2/squeeze
# Command line: vivado -mode tcl -source synth.tcl
# Log file: /home/gsaied/Desktop/verilog_rtl/fire2/squeeze/vivado.log
# Journal file: /home/gsaied/Desktop/verilog_rtl/fire2/squeeze/vivado.jou
#-----------------------------------------------------------
source synth.tcl
# set dirt /home/gsaied/Desktop/verilog_rtl/fire2/squeeze
# cd $dirt
# read_verilog -sv [ glob *.sv ] 
# synth_design -top  fire2_squeeze_3 -part xc7vx690t -keep_equivalent_registers -flatten_hierarchy none
Command: synth_design -top fire2_squeeze_3 -part xc7vx690t -keep_equivalent_registers -flatten_hierarchy none
Starting synth_design
Attempting to get a license for feature 'Synthesis' and/or device 'xc7vx690t'
INFO: [Common 17-349] Got license for feature 'Synthesis' and/or device 'xc7vx690t'
INFO: Launching helper process for spawning children vivado processes
INFO: Helper process launched with PID 22264 
---------------------------------------------------------------------------------
Starting Synthesize : Time (s): cpu = 00:00:02 ; elapsed = 00:00:02 . Memory (MB): peak = 1425.461 ; gain = 70.000 ; free physical = 3629 ; free virtual = 7496
---------------------------------------------------------------------------------
INFO: [Synth 8-6157] synthesizing module 'fire2_squeeze_3' [/home/gsaied/Desktop/verilog_rtl/fire2/squeeze/fire2_squeeze_3.sv:9]
	Parameter DSP_NO bound to: 16 - type: integer 
	Parameter STRIDE bound to: 2 - type: integer 
	Parameter W_IN bound to: 128 - type: integer 
	Parameter H_IN bound to: 128 - type: integer 
	Parameter WIDTH bound to: 16 - type: integer 
	Parameter CHIN bound to: 64 - type: integer 
	Parameter KERNEL_DIM bound to: 3 - type: integer 
	Parameter CHOUT bound to: 16 - type: integer 
	Parameter WINDOWS bound to: 254016 - type: integer 
	Parameter ITER bound to: 16384 - type: integer 
INFO: [Synth 8-6157] synthesizing module 'mac' [/home/gsaied/Desktop/verilog_rtl/fire2/squeeze/mac.sv:1]
INFO: [Synth 8-6155] done synthesizing module 'mac' (1#1) [/home/gsaied/Desktop/verilog_rtl/fire2/squeeze/mac.sv:1]
INFO: [Synth 8-6157] synthesizing module 'biasing_rom' [/home/gsaied/Desktop/verilog_rtl/fire2/squeeze/biasing.sv:2]
INFO: [Synth 8-6155] done synthesizing module 'biasing_rom' (2#1) [/home/gsaied/Desktop/verilog_rtl/fire2/squeeze/biasing.sv:2]
INFO: [Synth 8-6157] synthesizing module 'rom_array_layer_1' [/home/gsaied/Desktop/verilog_rtl/fire2/squeeze/rom.sv:3]
	Parameter WIDTH bound to: 16 - type: integer 
	Parameter KERNEL bound to: 3 - type: integer 
	Parameter ADDR bound to: 10 - type: integer 
	Parameter NUM bound to: 16 - type: integer 
INFO: [Synth 8-5534] Detected attribute (* rom_style = "{block}" *) [/home/gsaied/Desktop/verilog_rtl/fire2/squeeze/rom.sv:16]
INFO: [Synth 8-5534] Detected attribute (* rom_style = "{block}" *) [/home/gsaied/Desktop/verilog_rtl/fire2/squeeze/rom.sv:19]
INFO: [Synth 8-5534] Detected attribute (* rom_style = "{block}" *) [/home/gsaied/Desktop/verilog_rtl/fire2/squeeze/rom.sv:22]
INFO: [Synth 8-5534] Detected attribute (* rom_style = "{block}" *) [/home/gsaied/Desktop/verilog_rtl/fire2/squeeze/rom.sv:25]
INFO: [Synth 8-5534] Detected attribute (* rom_style = "{block}" *) [/home/gsaied/Desktop/verilog_rtl/fire2/squeeze/rom.sv:28]
INFO: [Synth 8-5534] Detected attribute (* rom_style = "{block}" *) [/home/gsaied/Desktop/verilog_rtl/fire2/squeeze/rom.sv:31]
INFO: [Synth 8-5534] Detected attribute (* rom_style = "{block}" *) [/home/gsaied/Desktop/verilog_rtl/fire2/squeeze/rom.sv:34]
INFO: [Synth 8-5534] Detected attribute (* rom_style = "{block}" *) [/home/gsaied/Desktop/verilog_rtl/fire2/squeeze/rom.sv:37]
INFO: [Synth 8-5534] Detected attribute (* rom_style = "{block}" *) [/home/gsaied/Desktop/verilog_rtl/fire2/squeeze/rom.sv:40]
INFO: [Synth 8-5534] Detected attribute (* rom_style = "{block}" *) [/home/gsaied/Desktop/verilog_rtl/fire2/squeeze/rom.sv:43]
INFO: [Synth 8-5534] Detected attribute (* rom_style = "{block}" *) [/home/gsaied/Desktop/verilog_rtl/fire2/squeeze/rom.sv:46]
INFO: [Synth 8-5534] Detected attribute (* rom_style = "{block}" *) [/home/gsaied/Desktop/verilog_rtl/fire2/squeeze/rom.sv:49]
INFO: [Synth 8-5534] Detected attribute (* rom_style = "{block}" *) [/home/gsaied/Desktop/verilog_rtl/fire2/squeeze/rom.sv:52]
INFO: [Synth 8-5534] Detected attribute (* rom_style = "{block}" *) [/home/gsaied/Desktop/verilog_rtl/fire2/squeeze/rom.sv:55]
INFO: [Synth 8-5534] Detected attribute (* rom_style = "{block}" *) [/home/gsaied/Desktop/verilog_rtl/fire2/squeeze/rom.sv:58]
INFO: [Synth 8-5534] Detected attribute (* rom_style = "{block}" *) [/home/gsaied/Desktop/verilog_rtl/fire2/squeeze/rom.sv:61]
INFO: [Synth 8-3876] $readmem data file 'file_1.mem' is read successfully [/home/gsaied/Desktop/verilog_rtl/fire2/squeeze/rom.sv:63]
INFO: [Synth 8-3876] $readmem data file 'file_2.mem' is read successfully [/home/gsaied/Desktop/verilog_rtl/fire2/squeeze/rom.sv:64]
INFO: [Synth 8-3876] $readmem data file 'file_3.mem' is read successfully [/home/gsaied/Desktop/verilog_rtl/fire2/squeeze/rom.sv:65]
INFO: [Synth 8-3876] $readmem data file 'file_4.mem' is read successfully [/home/gsaied/Desktop/verilog_rtl/fire2/squeeze/rom.sv:66]
INFO: [Synth 8-3876] $readmem data file 'file_5.mem' is read successfully [/home/gsaied/Desktop/verilog_rtl/fire2/squeeze/rom.sv:67]
INFO: [Synth 8-3876] $readmem data file 'file_6.mem' is read successfully [/home/gsaied/Desktop/verilog_rtl/fire2/squeeze/rom.sv:68]
INFO: [Synth 8-3876] $readmem data file 'file_7.mem' is read successfully [/home/gsaied/Desktop/verilog_rtl/fire2/squeeze/rom.sv:69]
INFO: [Synth 8-3876] $readmem data file 'file_8.mem' is read successfully [/home/gsaied/Desktop/verilog_rtl/fire2/squeeze/rom.sv:70]
INFO: [Synth 8-3876] $readmem data file 'file_9.mem' is read successfully [/home/gsaied/Desktop/verilog_rtl/fire2/squeeze/rom.sv:71]
INFO: [Synth 8-3876] $readmem data file 'file_10.mem' is read successfully [/home/gsaied/Desktop/verilog_rtl/fire2/squeeze/rom.sv:72]
INFO: [Synth 8-3876] $readmem data file 'file_11.mem' is read successfully [/home/gsaied/Desktop/verilog_rtl/fire2/squeeze/rom.sv:73]
INFO: [Synth 8-3876] $readmem data file 'file_12.mem' is read successfully [/home/gsaied/Desktop/verilog_rtl/fire2/squeeze/rom.sv:74]
INFO: [Synth 8-3876] $readmem data file 'file_13.mem' is read successfully [/home/gsaied/Desktop/verilog_rtl/fire2/squeeze/rom.sv:75]
INFO: [Synth 8-3876] $readmem data file 'file_14.mem' is read successfully [/home/gsaied/Desktop/verilog_rtl/fire2/squeeze/rom.sv:76]
INFO: [Synth 8-3876] $readmem data file 'file_15.mem' is read successfully [/home/gsaied/Desktop/verilog_rtl/fire2/squeeze/rom.sv:77]
INFO: [Synth 8-3876] $readmem data file 'file_16.mem' is read successfully [/home/gsaied/Desktop/verilog_rtl/fire2/squeeze/rom.sv:78]
INFO: [Synth 8-6155] done synthesizing module 'rom_array_layer_1' (3#1) [/home/gsaied/Desktop/verilog_rtl/fire2/squeeze/rom.sv:3]
INFO: [Synth 8-6155] done synthesizing module 'fire2_squeeze_3' (4#1) [/home/gsaied/Desktop/verilog_rtl/fire2/squeeze/fire2_squeeze_3.sv:9]
---------------------------------------------------------------------------------
Finished Synthesize : Time (s): cpu = 00:00:03 ; elapsed = 00:00:04 . Memory (MB): peak = 1475.211 ; gain = 119.750 ; free physical = 3632 ; free virtual = 7499
---------------------------------------------------------------------------------
---------------------------------------------------------------------------------
Finished Constraint Validation : Time (s): cpu = 00:00:03 ; elapsed = 00:00:04 . Memory (MB): peak = 1475.211 ; gain = 119.750 ; free physical = 3634 ; free virtual = 7501
---------------------------------------------------------------------------------
---------------------------------------------------------------------------------
Start Loading Part and Timing Information
---------------------------------------------------------------------------------
Loading part: xc7vx690tffg1157-3
---------------------------------------------------------------------------------
INFO: [Device 21-403] Loading part xc7vx690tffg1157-3
Finished Loading Part and Timing Information : Time (s): cpu = 00:00:03 ; elapsed = 00:00:04 . Memory (MB): peak = 1483.215 ; gain = 127.754 ; free physical = 3633 ; free virtual = 7500
---------------------------------------------------------------------------------
INFO: [Synth 8-5546] ROM "clr_pulse" won't be mapped to RAM because it is too sparse
INFO: [Synth 8-5546] ROM "fire2_squeeze_3_timer" won't be mapped to RAM because it is too sparse
INFO: [Synth 8-5546] ROM "fire2_squeeze_3_end" won't be mapped to RAM because it is too sparse
---------------------------------------------------------------------------------
Finished RTL Optimization Phase 2 : Time (s): cpu = 00:00:05 ; elapsed = 00:00:05 . Memory (MB): peak = 1604.918 ; gain = 249.457 ; free physical = 3472 ; free virtual = 7340
---------------------------------------------------------------------------------

Report RTL Partitions: 
+-+--------------+------------+----------+
| |RTL Partition |Replication |Instances |
+-+--------------+------------+----------+
+-+--------------+------------+----------+
No constraint files found.
---------------------------------------------------------------------------------
Start RTL Component Statistics 
---------------------------------------------------------------------------------
Detailed RTL Component Info : 
+---Adders : 
	   2 Input     32 Bit       Adders := 16    
	   2 Input     11 Bit       Adders := 1     
	   2 Input     10 Bit       Adders := 1     
	   2 Input      8 Bit       Adders := 1     
+---Registers : 
	               32 Bit    Registers := 16    
	               16 Bit    Registers := 32    
	               11 Bit    Registers := 1     
	               10 Bit    Registers := 1     
	                8 Bit    Registers := 1     
	                1 Bit    Registers := 3     
+---ROMs : 
	                              ROMs := 16    
+---Muxes : 
	   2 Input     11 Bit        Muxes := 1     
	   2 Input     10 Bit        Muxes := 1     
	   2 Input      1 Bit        Muxes := 3     
---------------------------------------------------------------------------------
Finished RTL Component Statistics 
---------------------------------------------------------------------------------
---------------------------------------------------------------------------------
Start RTL Hierarchical Component Statistics 
---------------------------------------------------------------------------------
Hierarchical RTL Component report 
Module fire2_squeeze_3 
Detailed RTL Component Info : 
+---Adders : 
	   2 Input     32 Bit       Adders := 16    
	   2 Input     11 Bit       Adders := 1     
	   2 Input     10 Bit       Adders := 1     
	   2 Input      8 Bit       Adders := 1     
+---Registers : 
	               16 Bit    Registers := 16    
	               11 Bit    Registers := 1     
	               10 Bit    Registers := 1     
	                8 Bit    Registers := 1     
	                1 Bit    Registers := 3     
+---Muxes : 
	   2 Input     11 Bit        Muxes := 1     
	   2 Input     10 Bit        Muxes := 1     
	   2 Input      1 Bit        Muxes := 3     
Module rom_array_layer_1 
Detailed RTL Component Info : 
+---Registers : 
	               16 Bit    Registers := 16    
+---ROMs : 
	                              ROMs := 16    
Module mac 
Detailed RTL Component Info : 
+---Registers : 
	               32 Bit    Registers := 1     
---------------------------------------------------------------------------------
Finished RTL Hierarchical Component Statistics
---------------------------------------------------------------------------------
---------------------------------------------------------------------------------
Start Part Resource Summary
---------------------------------------------------------------------------------
Part Resources:
DSPs: 3600 (col length:200)
BRAMs: 2940 (col length: RAMB18 200 RAMB36 100)
---------------------------------------------------------------------------------
Finished Part Resource Summary
---------------------------------------------------------------------------------
No constraint files found.
---------------------------------------------------------------------------------
Start Cross Boundary and Area Optimization
---------------------------------------------------------------------------------
Warning: Parallel synthesis criteria is not met 
DSP Report: Generating DSP mul_out_reg, operation Mode is: (P+A*B)'.
DSP Report: register mul_out_reg is absorbed into DSP mul_out_reg.
DSP Report: operator intermed is absorbed into DSP mul_out_reg.
DSP Report: operator intermed0 is absorbed into DSP mul_out_reg.
DSP Report: Generating DSP mul_out_reg, operation Mode is: (P+A*B)'.
DSP Report: register mul_out_reg is absorbed into DSP mul_out_reg.
DSP Report: operator intermed is absorbed into DSP mul_out_reg.
DSP Report: operator intermed0 is absorbed into DSP mul_out_reg.
DSP Report: Generating DSP mul_out_reg, operation Mode is: (P+A*B)'.
DSP Report: register mul_out_reg is absorbed into DSP mul_out_reg.
DSP Report: operator intermed is absorbed into DSP mul_out_reg.
DSP Report: operator intermed0 is absorbed into DSP mul_out_reg.
DSP Report: Generating DSP mul_out_reg, operation Mode is: (P+A*B)'.
DSP Report: register mul_out_reg is absorbed into DSP mul_out_reg.
DSP Report: operator intermed is absorbed into DSP mul_out_reg.
DSP Report: operator intermed0 is absorbed into DSP mul_out_reg.
DSP Report: Generating DSP mul_out_reg, operation Mode is: (P+A*B)'.
DSP Report: register mul_out_reg is absorbed into DSP mul_out_reg.
DSP Report: operator intermed is absorbed into DSP mul_out_reg.
DSP Report: operator intermed0 is absorbed into DSP mul_out_reg.
DSP Report: Generating DSP mul_out_reg, operation Mode is: (P+A*B)'.
DSP Report: register mul_out_reg is absorbed into DSP mul_out_reg.
DSP Report: operator intermed is absorbed into DSP mul_out_reg.
DSP Report: operator intermed0 is absorbed into DSP mul_out_reg.
DSP Report: Generating DSP mul_out_reg, operation Mode is: (P+A*B)'.
DSP Report: register mul_out_reg is absorbed into DSP mul_out_reg.
DSP Report: operator intermed is absorbed into DSP mul_out_reg.
DSP Report: operator intermed0 is absorbed into DSP mul_out_reg.
DSP Report: Generating DSP mul_out_reg, operation Mode is: (P+A*B)'.
DSP Report: register mul_out_reg is absorbed into DSP mul_out_reg.
DSP Report: operator intermed is absorbed into DSP mul_out_reg.
DSP Report: operator intermed0 is absorbed into DSP mul_out_reg.
DSP Report: Generating DSP mul_out_reg, operation Mode is: (P+A*B)'.
DSP Report: register mul_out_reg is absorbed into DSP mul_out_reg.
DSP Report: operator intermed is absorbed into DSP mul_out_reg.
DSP Report: operator intermed0 is absorbed into DSP mul_out_reg.
DSP Report: Generating DSP mul_out_reg, operation Mode is: (P+A*B)'.
DSP Report: register mul_out_reg is absorbed into DSP mul_out_reg.
DSP Report: operator intermed is absorbed into DSP mul_out_reg.
DSP Report: operator intermed0 is absorbed into DSP mul_out_reg.
DSP Report: Generating DSP mul_out_reg, operation Mode is: (P+A*B)'.
DSP Report: register mul_out_reg is absorbed into DSP mul_out_reg.
DSP Report: operator intermed is absorbed into DSP mul_out_reg.
DSP Report: operator intermed0 is absorbed into DSP mul_out_reg.
DSP Report: Generating DSP mul_out_reg, operation Mode is: (P+A*B)'.
DSP Report: register mul_out_reg is absorbed into DSP mul_out_reg.
DSP Report: operator intermed is absorbed into DSP mul_out_reg.
DSP Report: operator intermed0 is absorbed into DSP mul_out_reg.
DSP Report: Generating DSP mul_out_reg, operation Mode is: (P+A*B)'.
DSP Report: register mul_out_reg is absorbed into DSP mul_out_reg.
DSP Report: operator intermed is absorbed into DSP mul_out_reg.
DSP Report: operator intermed0 is absorbed into DSP mul_out_reg.
DSP Report: Generating DSP mul_out_reg, operation Mode is: (P+A*B)'.
DSP Report: register mul_out_reg is absorbed into DSP mul_out_reg.
DSP Report: operator intermed is absorbed into DSP mul_out_reg.
DSP Report: operator intermed0 is absorbed into DSP mul_out_reg.
DSP Report: Generating DSP mul_out_reg, operation Mode is: (P+A*B)'.
DSP Report: register mul_out_reg is absorbed into DSP mul_out_reg.
DSP Report: operator intermed is absorbed into DSP mul_out_reg.
DSP Report: operator intermed0 is absorbed into DSP mul_out_reg.
DSP Report: Generating DSP mul_out_reg, operation Mode is: (P+A*B)'.
DSP Report: register mul_out_reg is absorbed into DSP mul_out_reg.
DSP Report: operator intermed is absorbed into DSP mul_out_reg.
DSP Report: operator intermed0 is absorbed into DSP mul_out_reg.
INFO: [Synth 8-5546] ROM "clr_pulse" won't be mapped to RAM because it is too sparse
INFO: [Synth 8-5546] ROM "fire2_squeeze_3_timer" won't be mapped to RAM because it is too sparse
INFO: [Synth 8-5546] ROM "fire2_squeeze_3_end" won't be mapped to RAM because it is too sparse
---------------------------------------------------------------------------------
Finished Cross Boundary and Area Optimization : Time (s): cpu = 00:00:14 ; elapsed = 00:00:15 . Memory (MB): peak = 1797.316 ; gain = 441.855 ; free physical = 3290 ; free virtual = 7161
---------------------------------------------------------------------------------
---------------------------------------------------------------------------------
Start ROM, RAM, DSP and Shift Register Reporting
---------------------------------------------------------------------------------

ROM:
+------------------+-----------------+---------------+----------------+
|Module Name       | RTL Object      | Depth x Width | Implemented As | 
+------------------+-----------------+---------------+----------------+
|rom_array_layer_1 | rom_out_reg[0]  | 1024x16       | Block RAM      | 
|rom_array_layer_1 | rom_out_reg[1]  | 1024x16       | Block RAM      | 
|rom_array_layer_1 | rom_out_reg[2]  | 1024x16       | Block RAM      | 
|rom_array_layer_1 | rom_out_reg[3]  | 1024x16       | Block RAM      | 
|rom_array_layer_1 | rom_out_reg[4]  | 1024x16       | Block RAM      | 
|rom_array_layer_1 | rom_out_reg[5]  | 1024x16       | Block RAM      | 
|rom_array_layer_1 | rom_out_reg[6]  | 1024x16       | Block RAM      | 
|rom_array_layer_1 | rom_out_reg[7]  | 1024x16       | Block RAM      | 
|rom_array_layer_1 | rom_out_reg[8]  | 1024x16       | Block RAM      | 
|rom_array_layer_1 | rom_out_reg[9]  | 1024x16       | Block RAM      | 
|rom_array_layer_1 | rom_out_reg[10] | 1024x16       | Block RAM      | 
|rom_array_layer_1 | rom_out_reg[11] | 1024x16       | Block RAM      | 
|rom_array_layer_1 | rom_out_reg[12] | 1024x16       | Block RAM      | 
|rom_array_layer_1 | rom_out_reg[13] | 1024x16       | Block RAM      | 
|rom_array_layer_1 | rom_out_reg[14] | 1024x16       | Block RAM      | 
|rom_array_layer_1 | rom_out_reg[15] | 1024x16       | Block RAM      | 
+------------------+-----------------+---------------+----------------+


DSP: Preliminary Mapping  Report (see note below)
+------------+-------------+--------+--------+--------+--------+--------+------+------+------+------+-------+------+------+
|Module Name | DSP Mapping | A Size | B Size | C Size | D Size | P Size | AREG | BREG | CREG | DREG | ADREG | MREG | PREG | 
+------------+-------------+--------+--------+--------+--------+--------+------+------+------+------+-------+------+------+
|mac         | (P+A*B)'    | 16     | 16     | -      | -      | 32     | 0    | 0    | -    | -    | -     | 0    | 1    | 
|mac         | (P+A*B)'    | 16     | 16     | -      | -      | 32     | 0    | 0    | -    | -    | -     | 0    | 1    | 
|mac         | (P+A*B)'    | 16     | 16     | -      | -      | 32     | 0    | 0    | -    | -    | -     | 0    | 1    | 
|mac         | (P+A*B)'    | 16     | 16     | -      | -      | 32     | 0    | 0    | -    | -    | -     | 0    | 1    | 
|mac         | (P+A*B)'    | 16     | 16     | -      | -      | 32     | 0    | 0    | -    | -    | -     | 0    | 1    | 
|mac         | (P+A*B)'    | 16     | 16     | -      | -      | 32     | 0    | 0    | -    | -    | -     | 0    | 1    | 
|mac         | (P+A*B)'    | 16     | 16     | -      | -      | 32     | 0    | 0    | -    | -    | -     | 0    | 1    | 
|mac         | (P+A*B)'    | 16     | 16     | -      | -      | 32     | 0    | 0    | -    | -    | -     | 0    | 1    | 
|mac         | (P+A*B)'    | 16     | 16     | -      | -      | 32     | 0    | 0    | -    | -    | -     | 0    | 1    | 
|mac         | (P+A*B)'    | 16     | 16     | -      | -      | 32     | 0    | 0    | -    | -    | -     | 0    | 1    | 
|mac         | (P+A*B)'    | 16     | 16     | -      | -      | 32     | 0    | 0    | -    | -    | -     | 0    | 1    | 
|mac         | (P+A*B)'    | 16     | 16     | -      | -      | 32     | 0    | 0    | -    | -    | -     | 0    | 1    | 
|mac         | (P+A*B)'    | 16     | 16     | -      | -      | 32     | 0    | 0    | -    | -    | -     | 0    | 1    | 
|mac         | (P+A*B)'    | 16     | 16     | -      | -      | 32     | 0    | 0    | -    | -    | -     | 0    | 1    | 
|mac         | (P+A*B)'    | 16     | 16     | -      | -      | 32     | 0    | 0    | -    | -    | -     | 0    | 1    | 
|mac         | (P+A*B)'    | 16     | 16     | -      | -      | 32     | 0    | 0    | -    | -    | -     | 0    | 1    | 
+------------+-------------+--------+--------+--------+--------+--------+------+------+------+------+-------+------+------+

Note: The table above is a preliminary report that shows the DSPs inferred at the current stage of the synthesis flow. Some DSP may be reimplemented as non DSP primitives later in the synthesis flow. Multiple instantiated DSPs are reported only once.
---------------------------------------------------------------------------------
Finished ROM, RAM, DSP and Shift Register Reporting
---------------------------------------------------------------------------------
INFO: [Synth 8-6837] The timing for the instance u_2/i_0/rom_out_reg[0] (implemented as a Block RAM) might be sub-optimal as no optional output register could be merged into the block ram. Providing additional output register may help in improving timing.
INFO: [Synth 8-6837] The timing for the instance u_2/i_1/rom_out_reg[1] (implemented as a Block RAM) might be sub-optimal as no optional output register could be merged into the block ram. Providing additional output register may help in improving timing.
INFO: [Synth 8-6837] The timing for the instance u_2/i_2/rom_out_reg[2] (implemented as a Block RAM) might be sub-optimal as no optional output register could be merged into the block ram. Providing additional output register may help in improving timing.
INFO: [Synth 8-6837] The timing for the instance u_2/i_3/rom_out_reg[3] (implemented as a Block RAM) might be sub-optimal as no optional output register could be merged into the block ram. Providing additional output register may help in improving timing.
INFO: [Synth 8-6837] The timing for the instance u_2/i_4/rom_out_reg[4] (implemented as a Block RAM) might be sub-optimal as no optional output register could be merged into the block ram. Providing additional output register may help in improving timing.
INFO: [Synth 8-6837] The timing for the instance u_2/i_5/rom_out_reg[5] (implemented as a Block RAM) might be sub-optimal as no optional output register could be merged into the block ram. Providing additional output register may help in improving timing.
INFO: [Synth 8-6837] The timing for the instance u_2/i_6/rom_out_reg[6] (implemented as a Block RAM) might be sub-optimal as no optional output register could be merged into the block ram. Providing additional output register may help in improving timing.
INFO: [Synth 8-6837] The timing for the instance u_2/i_7/rom_out_reg[7] (implemented as a Block RAM) might be sub-optimal as no optional output register could be merged into the block ram. Providing additional output register may help in improving timing.
INFO: [Synth 8-6837] The timing for the instance u_2/i_8/rom_out_reg[8] (implemented as a Block RAM) might be sub-optimal as no optional output register could be merged into the block ram. Providing additional output register may help in improving timing.
INFO: [Synth 8-6837] The timing for the instance u_2/i_9/rom_out_reg[9] (implemented as a Block RAM) might be sub-optimal as no optional output register could be merged into the block ram. Providing additional output register may help in improving timing.
INFO: [Synth 8-6837] The timing for the instance u_2/i_10/rom_out_reg[10] (implemented as a Block RAM) might be sub-optimal as no optional output register could be merged into the block ram. Providing additional output register may help in improving timing.
INFO: [Synth 8-6837] The timing for the instance u_2/i_11/rom_out_reg[11] (implemented as a Block RAM) might be sub-optimal as no optional output register could be merged into the block ram. Providing additional output register may help in improving timing.
INFO: [Synth 8-6837] The timing for the instance u_2/i_12/rom_out_reg[12] (implemented as a Block RAM) might be sub-optimal as no optional output register could be merged into the block ram. Providing additional output register may help in improving timing.
INFO: [Synth 8-6837] The timing for the instance u_2/i_13/rom_out_reg[13] (implemented as a Block RAM) might be sub-optimal as no optional output register could be merged into the block ram. Providing additional output register may help in improving timing.
INFO: [Synth 8-6837] The timing for the instance u_2/i_14/rom_out_reg[14] (implemented as a Block RAM) might be sub-optimal as no optional output register could be merged into the block ram. Providing additional output register may help in improving timing.
INFO: [Synth 8-6837] The timing for the instance u_2/i_15/rom_out_reg[15] (implemented as a Block RAM) might be sub-optimal as no optional output register could be merged into the block ram. Providing additional output register may help in improving timing.

Report RTL Partitions: 
+-+--------------+------------+----------+
| |RTL Partition |Replication |Instances |
+-+--------------+------------+----------+
+-+--------------+------------+----------+
No constraint files found.
---------------------------------------------------------------------------------
Start Timing Optimization
---------------------------------------------------------------------------------
---------------------------------------------------------------------------------
Finished Timing Optimization : Time (s): cpu = 00:00:14 ; elapsed = 00:00:15 . Memory (MB): peak = 1797.316 ; gain = 441.855 ; free physical = 3290 ; free virtual = 7161
---------------------------------------------------------------------------------

Report RTL Partitions: 
+-+--------------+------------+----------+
| |RTL Partition |Replication |Instances |
+-+--------------+------------+----------+
+-+--------------+------------+----------+
---------------------------------------------------------------------------------
Start Technology Mapping
---------------------------------------------------------------------------------
INFO: [Synth 8-6837] The timing for the instance u_2/rom_out_reg[0] (implemented as a Block RAM) might be sub-optimal as no optional output register could be merged into the block ram. Providing additional output register may help in improving timing.
INFO: [Synth 8-6837] The timing for the instance u_2/rom_out_reg[1] (implemented as a Block RAM) might be sub-optimal as no optional output register could be merged into the block ram. Providing additional output register may help in improving timing.
INFO: [Synth 8-6837] The timing for the instance u_2/rom_out_reg[2] (implemented as a Block RAM) might be sub-optimal as no optional output register could be merged into the block ram. Providing additional output register may help in improving timing.
INFO: [Synth 8-6837] The timing for the instance u_2/rom_out_reg[3] (implemented as a Block RAM) might be sub-optimal as no optional output register could be merged into the block ram. Providing additional output register may help in improving timing.
INFO: [Synth 8-6837] The timing for the instance u_2/rom_out_reg[4] (implemented as a Block RAM) might be sub-optimal as no optional output register could be merged into the block ram. Providing additional output register may help in improving timing.
INFO: [Synth 8-6837] The timing for the instance u_2/rom_out_reg[5] (implemented as a Block RAM) might be sub-optimal as no optional output register could be merged into the block ram. Providing additional output register may help in improving timing.
INFO: [Synth 8-6837] The timing for the instance u_2/rom_out_reg[6] (implemented as a Block RAM) might be sub-optimal as no optional output register could be merged into the block ram. Providing additional output register may help in improving timing.
INFO: [Synth 8-6837] The timing for the instance u_2/rom_out_reg[7] (implemented as a Block RAM) might be sub-optimal as no optional output register could be merged into the block ram. Providing additional output register may help in improving timing.
INFO: [Synth 8-6837] The timing for the instance u_2/rom_out_reg[8] (implemented as a Block RAM) might be sub-optimal as no optional output register could be merged into the block ram. Providing additional output register may help in improving timing.
INFO: [Synth 8-6837] The timing for the instance u_2/rom_out_reg[9] (implemented as a Block RAM) might be sub-optimal as no optional output register could be merged into the block ram. Providing additional output register may help in improving timing.
INFO: [Synth 8-6837] The timing for the instance u_2/rom_out_reg[10] (implemented as a Block RAM) might be sub-optimal as no optional output register could be merged into the block ram. Providing additional output register may help in improving timing.
INFO: [Synth 8-6837] The timing for the instance u_2/rom_out_reg[11] (implemented as a Block RAM) might be sub-optimal as no optional output register could be merged into the block ram. Providing additional output register may help in improving timing.
INFO: [Synth 8-6837] The timing for the instance u_2/rom_out_reg[12] (implemented as a Block RAM) might be sub-optimal as no optional output register could be merged into the block ram. Providing additional output register may help in improving timing.
INFO: [Synth 8-6837] The timing for the instance u_2/rom_out_reg[13] (implemented as a Block RAM) might be sub-optimal as no optional output register could be merged into the block ram. Providing additional output register may help in improving timing.
INFO: [Synth 8-6837] The timing for the instance u_2/rom_out_reg[14] (implemented as a Block RAM) might be sub-optimal as no optional output register could be merged into the block ram. Providing additional output register may help in improving timing.
INFO: [Synth 8-6837] The timing for the instance u_2/rom_out_reg[15] (implemented as a Block RAM) might be sub-optimal as no optional output register could be merged into the block ram. Providing additional output register may help in improving timing.
---------------------------------------------------------------------------------
Finished Technology Mapping : Time (s): cpu = 00:00:15 ; elapsed = 00:00:16 . Memory (MB): peak = 1797.316 ; gain = 441.855 ; free physical = 3295 ; free virtual = 7166
---------------------------------------------------------------------------------

Report RTL Partitions: 
+-+--------------+------------+----------+
| |RTL Partition |Replication |Instances |
+-+--------------+------------+----------+
+-+--------------+------------+----------+
---------------------------------------------------------------------------------
Start IO Insertion
---------------------------------------------------------------------------------
---------------------------------------------------------------------------------
Start Final Netlist Cleanup
---------------------------------------------------------------------------------
---------------------------------------------------------------------------------
Finished Final Netlist Cleanup
---------------------------------------------------------------------------------
---------------------------------------------------------------------------------
Finished IO Insertion : Time (s): cpu = 00:00:16 ; elapsed = 00:00:17 . Memory (MB): peak = 1797.316 ; gain = 441.855 ; free physical = 3295 ; free virtual = 7166
---------------------------------------------------------------------------------

Report Check Netlist: 
+------+------------------+-------+---------+-------+------------------+
|      |Item              |Errors |Warnings |Status |Description       |
+------+------------------+-------+---------+-------+------------------+
|1     |multi_driven_nets |      0|        0|Passed |Multi driven nets |
+------+------------------+-------+---------+-------+------------------+
---------------------------------------------------------------------------------
Start Renaming Generated Instances
---------------------------------------------------------------------------------
---------------------------------------------------------------------------------
Finished Renaming Generated Instances : Time (s): cpu = 00:00:16 ; elapsed = 00:00:17 . Memory (MB): peak = 1797.316 ; gain = 441.855 ; free physical = 3295 ; free virtual = 7166
---------------------------------------------------------------------------------

Report RTL Partitions: 
+-+--------------+------------+----------+
| |RTL Partition |Replication |Instances |
+-+--------------+------------+----------+
+-+--------------+------------+----------+
---------------------------------------------------------------------------------
Start Handling Custom Attributes
---------------------------------------------------------------------------------
---------------------------------------------------------------------------------
Finished Handling Custom Attributes : Time (s): cpu = 00:00:16 ; elapsed = 00:00:17 . Memory (MB): peak = 1797.316 ; gain = 441.855 ; free physical = 3295 ; free virtual = 7166
---------------------------------------------------------------------------------
---------------------------------------------------------------------------------
Start Writing Synthesis Report
---------------------------------------------------------------------------------

Report BlackBoxes: 
+-+--------------+----------+
| |BlackBox name |Instances |
+-+--------------+----------+
+-+--------------+----------+

Report Cell Usage: 
+------+---------+------+
|      |Cell     |Count |
+------+---------+------+
|1     |BUFG     |     2|
|2     |CARRY4   |    80|
|3     |DSP48E1  |    16|
|4     |LUT1     |    55|
|5     |LUT2     |    21|
|6     |LUT3     |    25|
|7     |LUT4     |     6|
|8     |LUT5     |     7|
|9     |LUT6     |    12|
|10    |RAMB18E1 |    16|
|11    |FDCE     |    32|
|12    |FDRE     |   256|
|13    |IBUF     |    19|
|14    |OBUF     |   257|
+------+---------+------+

Report Instance Areas: 
+------+----------------------+------------------+------+
|      |Instance              |Module            |Cells |
+------+----------------------+------------------+------+
|1     |top                   |                  |   804|
|2     |  u_2                 |rom_array_layer_1 |    16|
|3     |  \genblk1[0].mac_i   |mac__1            |     2|
|4     |  \genblk1[1].mac_i   |mac__2            |     2|
|5     |  \genblk1[2].mac_i   |mac__3            |     2|
|6     |  \genblk1[3].mac_i   |mac__4            |     2|
|7     |  \genblk1[4].mac_i   |mac__5            |     2|
|8     |  \genblk1[5].mac_i   |mac__6            |     2|
|9     |  \genblk1[6].mac_i   |mac__7            |     2|
|10    |  \genblk1[7].mac_i   |mac__8            |     2|
|11    |  \genblk1[8].mac_i   |mac__9            |     2|
|12    |  \genblk1[9].mac_i   |mac__10           |     2|
|13    |  \genblk1[10].mac_i  |mac__11           |     2|
|14    |  \genblk1[11].mac_i  |mac__12           |     2|
|15    |  \genblk1[12].mac_i  |mac__13           |     2|
|16    |  \genblk1[13].mac_i  |mac__14           |     2|
|17    |  \genblk1[14].mac_i  |mac__15           |     2|
|18    |  \genblk1[15].mac_i  |mac               |     2|
+------+----------------------+------------------+------+
---------------------------------------------------------------------------------
Finished Writing Synthesis Report : Time (s): cpu = 00:00:16 ; elapsed = 00:00:17 . Memory (MB): peak = 1797.316 ; gain = 441.855 ; free physical = 3295 ; free virtual = 7166
---------------------------------------------------------------------------------
Synthesis finished with 0 errors, 0 critical warnings and 0 warnings.
Synthesis Optimization Runtime : Time (s): cpu = 00:00:16 ; elapsed = 00:00:17 . Memory (MB): peak = 1797.316 ; gain = 441.855 ; free physical = 3298 ; free virtual = 7169
Synthesis Optimization Complete : Time (s): cpu = 00:00:16 ; elapsed = 00:00:17 . Memory (MB): peak = 1797.324 ; gain = 441.855 ; free physical = 3307 ; free virtual = 7178
INFO: [Project 1-571] Translating synthesized netlist
INFO: [Netlist 29-17] Analyzing 112 Unisim elements for replacement
INFO: [Netlist 29-28] Unisim Transformation completed in 0 CPU seconds
INFO: [Project 1-570] Preparing netlist for logic optimization
INFO: [Opt 31-138] Pushed 0 inverter(s) to 0 load pin(s).
Netlist sorting complete. Time (s): cpu = 00:00:00 ; elapsed = 00:00:00 . Memory (MB): peak = 1901.195 ; gain = 0.000 ; free physical = 3197 ; free virtual = 7068
INFO: [Project 1-111] Unisim Transformation Summary:
No Unisim elements were transformed.

INFO: [Common 17-83] Releasing license: Synthesis
87 Infos, 0 Warnings, 0 Critical Warnings and 0 Errors encountered.
synth_design completed successfully
synth_design: Time (s): cpu = 00:00:22 ; elapsed = 00:00:23 . Memory (MB): peak = 1901.195 ; gain = 553.738 ; free physical = 3254 ; free virtual = 7125
# report_design_analysis -file $dirt/design.rpt
report_design_analysis: Time (s): cpu = 00:00:13 ; elapsed = 00:00:13 . Memory (MB): peak = 2516.527 ; gain = 615.332 ; free physical = 2652 ; free virtual = 6515
# report_utilization -file $dirt/utiliziation.rpt
# report_timing -file $dirt/timing.rpt
INFO: [Timing 38-91] UpdateTimingParams: Speed grade: -3, Delay Type: max.
INFO: [Timing 38-191] Multithreading enabled for timing update using a maximum of 4 CPUs
INFO: [Timing 38-78] ReportTimingParams: -max_paths 1 -nworst 1 -delay_type max -sort_by slack.
vi utiliziation.rpt 
WARNING: [Common 17-259] Unknown Tcl command 'vi utiliziation.rpt' sending command to the OS shell for execution. It is recommended to use 'exec' to send the command to the OS shell.
