#-----------------------------------------------------------
# Vivado v2018.3 (64-bit)
# SW Build 2405991 on Thu Dec  6 23:36:41 MST 2018
# IP Build 2404404 on Fri Dec  7 01:43:56 MST 2018
# Start of session at: Sat Oct 19 22:32:31 2019
# Process ID: 10628
# Current directory: /home/gsaied/Desktop/verilog_rtl/new_mac
# Command line: vivado -mode tcl -source synth.tcl
# Log file: /home/gsaied/Desktop/verilog_rtl/new_mac/vivado.log
# Journal file: /home/gsaied/Desktop/verilog_rtl/new_mac/vivado.jou
#-----------------------------------------------------------
source synth.tcl
# set dirt /home/gsaied/Desktop/verilog_rtl/new_mac
# cd $dirt
# read_verilog  mac.v 
# synth_design -top mac -rtl
Command: synth_design -top mac -rtl
Starting synth_design
Using part: xc7vx485tffg1157-1
---------------------------------------------------------------------------------
Starting RTL Elaboration : Time (s): cpu = 00:00:02 ; elapsed = 00:00:02 . Memory (MB): peak = 1415.996 ; gain = 26.996 ; free physical = 277 ; free virtual = 4923
---------------------------------------------------------------------------------
INFO: [Synth 8-6157] synthesizing module 'mac' [/home/gsaied/Desktop/verilog_rtl/new_mac/mac.v:1]
INFO: [Synth 8-6155] done synthesizing module 'mac' (1#1) [/home/gsaied/Desktop/verilog_rtl/new_mac/mac.v:1]
---------------------------------------------------------------------------------
Finished RTL Elaboration : Time (s): cpu = 00:00:03 ; elapsed = 00:00:03 . Memory (MB): peak = 1460.746 ; gain = 71.746 ; free physical = 291 ; free virtual = 4936
---------------------------------------------------------------------------------

Report Check Netlist: 
+------+------------------+-------+---------+-------+------------------+
|      |Item              |Errors |Warnings |Status |Description       |
+------+------------------+-------+---------+-------+------------------+
|1     |multi_driven_nets |      0|        0|Passed |Multi driven nets |
+------+------------------+-------+---------+-------+------------------+
---------------------------------------------------------------------------------
Start Handling Custom Attributes
---------------------------------------------------------------------------------
---------------------------------------------------------------------------------
Finished Handling Custom Attributes : Time (s): cpu = 00:00:03 ; elapsed = 00:00:03 . Memory (MB): peak = 1460.746 ; gain = 71.746 ; free physical = 290 ; free virtual = 4936
---------------------------------------------------------------------------------
---------------------------------------------------------------------------------
Finished RTL Optimization Phase 1 : Time (s): cpu = 00:00:03 ; elapsed = 00:00:03 . Memory (MB): peak = 1460.746 ; gain = 71.746 ; free physical = 290 ; free virtual = 4936
---------------------------------------------------------------------------------
INFO: [Device 21-403] Loading part xc7vx485tffg1157-1
INFO: [Project 1-570] Preparing netlist for logic optimization

Processing XDC Constraints
Initializing timing engine
Completed Processing XDC Constraints

INFO: [Opt 31-138] Pushed 0 inverter(s) to 0 load pin(s).
Netlist sorting complete. Time (s): cpu = 00:00:00 ; elapsed = 00:00:00 . Memory (MB): peak = 1896.598 ; gain = 0.000 ; free physical = 136 ; free virtual = 4549
INFO: [Project 1-111] Unisim Transformation Summary:
No Unisim elements were transformed.

RTL Elaboration Complete:  : Time (s): cpu = 00:00:13 ; elapsed = 00:00:15 . Memory (MB): peak = 1896.598 ; gain = 507.598 ; free physical = 136 ; free virtual = 4549
6 Infos, 0 Warnings, 0 Critical Warnings and 0 Errors encountered.
synth_design completed successfully
synth_design: Time (s): cpu = 00:00:14 ; elapsed = 00:00:16 . Memory (MB): peak = 1896.598 ; gain = 507.602 ; free physical = 136 ; free virtual = 4549
# report_timing_summary -file $dirt/timing.rpt
ERROR: [Elaboration 18-496] report_timing_summary: 'report_timing_summary' is not supported pre-synthesis. Please open a synthesized design (or synthesize the current design) and rerun this command.
start_gui 
exit
INFO: [Common 17-206] Exiting Vivado at Sat Oct 19 22:34:39 2019...
