#-----------------------------------------------------------
# Vivado v2018.3 (64-bit)
# SW Build 2405991 on Thu Dec  6 23:36:41 MST 2018
# IP Build 2404404 on Fri Dec  7 01:43:56 MST 2018
# Start of session at: Sat Oct 19 22:30:22 2019
# Process ID: 10458
# Current directory: /home/gsaied/Desktop/verilog_rtl/new_mac
# Command line: vivado -mode tcl -source synth.tcl
# Log file: /home/gsaied/Desktop/verilog_rtl/new_mac/vivado.log
# Journal file: /home/gsaied/Desktop/verilog_rtl/new_mac/vivado.jou
#-----------------------------------------------------------
source synth.tcl
# set dirt /home/gsaied/Desktop/verilog_rtl/new_mac
# cd /
# read_verilog  mac.v 
ERROR: [Common 17-69] Command failed: File '/mac.v' does not exist
l
ambiguous command name "l": lappend lassign launch_chipscope_analyzer launch_impact launch_runs launch_sdk launch_simulation lindex link_design linsert lint_files list list_attribute list_attribute_value list_features list_param list_property list_property_value list_repo_boards list_targets llength load load_features load_msg_db lock_design lrange lrepeat lreplace lreverse lsearch lset lsort
ls
WARNING: [Common 17-259] Unknown Tcl command 'ls' sending command to the OS shell for execution. It is recommended to use 'exec' to send the command to the OS shell.
cd /home/gsaied/Desktop/verilog_rtl/new_mac/
source synth.tcl 
# set dirt /home/gsaied/Desktop/verilog_rtl/new_mac
# cd /
# read_verilog  mac.v 
ERROR: [Common 17-69] Command failed: File '/mac.v' does not exist
