#-----------------------------------------------------------
# Vivado v2018.3 (64-bit)
# SW Build 2405991 on Thu Dec  6 23:36:41 MST 2018
# IP Build 2404404 on Fri Dec  7 01:43:56 MST 2018
# Start of session at: Wed Oct 23 10:20:37 2019
# Process ID: 23030
# Current directory: /home/gsaied/Desktop/verilog_rtl/floating_mac
# Command line: vivado -mode tcl -source synth.tcl
# Log file: /home/gsaied/Desktop/verilog_rtl/floating_mac/vivado.log
# Journal file: /home/gsaied/Desktop/verilog_rtl/floating_mac/vivado.jou
#-----------------------------------------------------------
source synth.tcl
# set dirt /home/gsaied/Desktop/verilog_rtl/floating_mac
# cd $dirt
# read_verilog  mac.v 
# synth_design -top mac -rtl
Command: synth_design -top mac -rtl
Starting synth_design
Using part: xc7vx485tffg1157-1
---------------------------------------------------------------------------------
Starting RTL Elaboration : Time (s): cpu = 00:00:02 ; elapsed = 00:00:02 . Memory (MB): peak = 1416.000 ; gain = 25.996 ; free physical = 2265 ; free virtual = 5548
---------------------------------------------------------------------------------
INFO: [Synth 8-6157] synthesizing module 'mac' [/home/gsaied/Desktop/verilog_rtl/floating_mac/mac.v:4]
INFO: [Synth 8-6155] done synthesizing module 'mac' (1#1) [/home/gsaied/Desktop/verilog_rtl/floating_mac/mac.v:4]
---------------------------------------------------------------------------------
Finished RTL Elaboration : Time (s): cpu = 00:00:03 ; elapsed = 00:00:03 . Memory (MB): peak = 1460.750 ; gain = 70.746 ; free physical = 2260 ; free virtual = 5561
---------------------------------------------------------------------------------

Report Check Netlist: 
+------+------------------+-------+---------+-------+------------------+
|      |Item              |Errors |Warnings |Status |Description       |
+------+------------------+-------+---------+-------+------------------+
|1     |multi_driven_nets |      0|        0|Passed |Multi driven nets |
+------+------------------+-------+---------+-------+------------------+
---------------------------------------------------------------------------------
Start Handling Custom Attributes
---------------------------------------------------------------------------------
---------------------------------------------------------------------------------
Finished Handling Custom Attributes : Time (s): cpu = 00:00:03 ; elapsed = 00:00:04 . Memory (MB): peak = 1460.750 ; gain = 70.746 ; free physical = 2258 ; free virtual = 5560
---------------------------------------------------------------------------------
---------------------------------------------------------------------------------
Finished RTL Optimization Phase 1 : Time (s): cpu = 00:00:03 ; elapsed = 00:00:04 . Memory (MB): peak = 1460.750 ; gain = 70.746 ; free physical = 2258 ; free virtual = 5560
---------------------------------------------------------------------------------
INFO: [Device 21-403] Loading part xc7vx485tffg1157-1
INFO: [Project 1-570] Preparing netlist for logic optimization

Processing XDC Constraints
Initializing timing engine
Completed Processing XDC Constraints

INFO: [Opt 31-138] Pushed 0 inverter(s) to 0 load pin(s).
Netlist sorting complete. Time (s): cpu = 00:00:00 ; elapsed = 00:00:00 . Memory (MB): peak = 1890.609 ; gain = 0.000 ; free physical = 1781 ; free virtual = 5116
INFO: [Project 1-111] Unisim Transformation Summary:
No Unisim elements were transformed.

RTL Elaboration Complete:  : Time (s): cpu = 00:00:14 ; elapsed = 00:00:16 . Memory (MB): peak = 1890.609 ; gain = 500.605 ; free physical = 1781 ; free virtual = 5116
6 Infos, 0 Warnings, 0 Critical Warnings and 0 Errors encountered.
synth_design completed successfully
synth_design: Time (s): cpu = 00:00:14 ; elapsed = 00:00:16 . Memory (MB): peak = 1890.609 ; gain = 500.609 ; free physical = 1781 ; free virtual = 5116
# report_timing_summary -file $dirt/timing.rpt
ERROR: [Elaboration 18-496] report_timing_summary: 'report_timing_summary' is not supported pre-synthesis. Please open a synthesized design (or synthesize the current design) and rerun this command.
start_gui 
exit
INFO: [Common 17-206] Exiting Vivado at Wed Oct 23 10:22:44 2019...
