xilinx rtfpga
INFO: [Common 17-41] Interrupt caught. Command should exit soon.
1
WORKER_RUN_ENDED
WORKER_RUN_STARTED
1
WORKER_RUN_ENDED
WORKER_RUN_STARTED
1
WORKER_RUN_ENDED
WORKER_RUN_STARTED
1
WORKER_RUN_ENDED
WORKER_RUN_STARTED
1
WORKER_RUN_ENDED
WORKER_RUN_STARTED
1
WORKER_RUN_ENDED
WORKER_RUN_STARTED
1
WORKER_RUN_ENDED
INFO: [Common 17-41] Interrupt caught. Command should exit soon.
INFO: [Common 17-41] Interrupt caught. Command should exit soon.
INFO: [Common 17-41] Interrupt caught. Command should exit soon.
INFO: [Common 17-41] Interrupt caught. Command should exit soon.
